-- Attaching packages --------------------------------------- tidyverse 1.3.1 --
v ggplot2 3.3.4     v purrr   0.3.4
v tibble  3.1.2     v dplyr   1.0.6
v tidyr   1.1.3     v stringr 1.4.0
v readr   1.4.0     v forcats 0.5.1
-- Conflicts ------------------------------------------ tidyverse_conflicts() --
x dplyr::filter() masks stats::filter()
x dplyr::lag()    masks stats::lag()

Attaching package: 'plotly'

The following object is masked from 'package:ggplot2':

    last_plot

The following object is masked from 'package:stats':

    filter

The following object is masked from 'package:graphics':

    layout


Attaching package: 'lubridate'

The following objects are masked from 'package:base':

    date, intersect, setdiff, union


Attaching package: 'httr'

The following object is masked from 'package:plotly':

    config


Attaching package: 'jsonlite'

The following object is masked from 'package:purrr':

    flatten

Loading required package: viridisLite

Attaching package: 'scales'

The following object is masked from 'package:viridis':

    viridis_pal

The following object is masked from 'package:purrr':

    discard

The following object is masked from 'package:readr':

    col_factor


Attaching package: 'rvest'

The following object is masked from 'package:readr':

    guess_encoding

New names:
* value -> value...1
* value -> value...2
-- Attaching packages --------------------------------------- tidyverse 1.3.1 --
v ggplot2 3.3.4     v purrr   0.3.4
v tibble  3.1.2     v dplyr   1.0.6
v tidyr   1.1.3     v stringr 1.4.0
v readr   1.4.0     v forcats 0.5.1
-- Conflicts ------------------------------------------ tidyverse_conflicts() --
x dplyr::filter() masks stats::filter()
x dplyr::lag()    masks stats::lag()

Attaching package: 'plotly'

The following object is masked from 'package:ggplot2':

    last_plot

The following object is masked from 'package:stats':

    filter

The following object is masked from 'package:graphics':

    layout


Attaching package: 'lubridate'

The following objects are masked from 'package:base':

    date, intersect, setdiff, union


Attaching package: 'httr'

The following object is masked from 'package:plotly':

    config


Attaching package: 'jsonlite'

The following object is masked from 'package:purrr':

    flatten

Loading required package: viridisLite

Attaching package: 'scales'

The following object is masked from 'package:viridis':

    viridis_pal

The following object is masked from 'package:purrr':

    discard

The following object is masked from 'package:readr':

    col_factor


Attaching package: 'rvest'

The following object is masked from 'package:readr':

    guess_encoding

New names:
* value -> value...1
* value -> value...2
-- Attaching packages --------------------------------------- tidyverse 1.3.1 --
v ggplot2 3.3.4     v purrr   0.3.4
v tibble  3.1.2     v dplyr   1.0.6
v tidyr   1.1.3     v stringr 1.4.0
v readr   1.4.0     v forcats 0.5.1
-- Conflicts ------------------------------------------ tidyverse_conflicts() --
x dplyr::filter() masks stats::filter()
x dplyr::lag()    masks stats::lag()

Attaching package: 'plotly'

The following object is masked from 'package:ggplot2':

    last_plot

The following object is masked from 'package:stats':

    filter

The following object is masked from 'package:graphics':

    layout


Attaching package: 'lubridate'

The following objects are masked from 'package:base':

    date, intersect, setdiff, union


Attaching package: 'httr'

The following object is masked from 'package:plotly':

    config


Attaching package: 'jsonlite'

The following object is masked from 'package:purrr':

    flatten

Loading required package: viridisLite

Attaching package: 'scales'

The following object is masked from 'package:viridis':

    viridis_pal

The following object is masked from 'package:purrr':

    discard

The following object is masked from 'package:readr':

    col_factor


Attaching package: 'rvest'

The following object is masked from 'package:readr':

    guess_encoding

New names:
* value -> value...1
* value -> value...2
-- Attaching packages --------------------------------------- tidyverse 1.3.1 --
v ggplot2 3.3.4     v purrr   0.3.4
v tibble  3.1.2     v dplyr   1.0.6
v tidyr   1.1.3     v stringr 1.4.0
v readr   1.4.0     v forcats 0.5.1
-- Conflicts ------------------------------------------ tidyverse_conflicts() --
x dplyr::filter() masks stats::filter()
x dplyr::lag()    masks stats::lag()

Attaching package: 'plotly'

The following object is masked from 'package:ggplot2':

    last_plot

The following object is masked from 'package:stats':

    filter

The following object is masked from 'package:graphics':

    layout


Attaching package: 'lubridate'

The following objects are masked from 'package:base':

    date, intersect, setdiff, union


Attaching package: 'httr'

The following object is masked from 'package:plotly':

    config


Attaching package: 'jsonlite'

The following object is masked from 'package:purrr':

    flatten

Loading required package: viridisLite

Attaching package: 'scales'

The following object is masked from 'package:viridis':

    viridis_pal

The following object is masked from 'package:purrr':

    discard

The following object is masked from 'package:readr':

    col_factor


Attaching package: 'rvest'

The following object is masked from 'package:readr':

    guess_encoding

New names:
* value -> value...1
* value -> value...2
-- Attaching packages --------------------------------------- tidyverse 1.3.1 --
v ggplot2 3.3.4     v purrr   0.3.4
v tibble  3.1.2     v dplyr   1.0.6
v tidyr   1.1.3     v stringr 1.4.0
v readr   1.4.0     v forcats 0.5.1
-- Conflicts ------------------------------------------ tidyverse_conflicts() --
x dplyr::filter() masks stats::filter()
x dplyr::lag()    masks stats::lag()

Attaching package: 'plotly'

The following object is masked from 'package:ggplot2':

    last_plot

The following object is masked from 'package:stats':

    filter

The following object is masked from 'package:graphics':

    layout


Attaching package: 'lubridate'

The following objects are masked from 'package:base':

    date, intersect, setdiff, union


Attaching package: 'httr'

The following object is masked from 'package:plotly':

    config


Attaching package: 'jsonlite'

The following object is masked from 'package:purrr':

    flatten

Loading required package: viridisLite

Attaching package: 'scales'

The following object is masked from 'package:viridis':

    viridis_pal

The following object is masked from 'package:purrr':

    discard

The following object is masked from 'package:readr':

    col_factor


Attaching package: 'rvest'

The following object is masked from 'package:readr':

    guess_encoding

New names:
* value -> value...1
* value -> value...2
-- Attaching packages --------------------------------------- tidyverse 1.3.1 --
v ggplot2 3.3.4     v purrr   0.3.4
v tibble  3.1.2     v dplyr   1.0.6
v tidyr   1.1.3     v stringr 1.4.0
v readr   1.4.0     v forcats 0.5.1
-- Conflicts ------------------------------------------ tidyverse_conflicts() --
x dplyr::filter() masks stats::filter()
x dplyr::lag()    masks stats::lag()

Attaching package: 'plotly'

The following object is masked from 'package:ggplot2':

    last_plot

The following object is masked from 'package:stats':

    filter

The following object is masked from 'package:graphics':

    layout


Attaching package: 'lubridate'

The following objects are masked from 'package:base':

    date, intersect, setdiff, union


Attaching package: 'httr'

The following object is masked from 'package:plotly':

    config


Attaching package: 'jsonlite'

The following object is masked from 'package:purrr':

    flatten

Loading required package: viridisLite

Attaching package: 'scales'

The following object is masked from 'package:viridis':

    viridis_pal

The following object is masked from 'package:purrr':

    discard

The following object is masked from 'package:readr':

    col_factor


Attaching package: 'rvest'

The following object is masked from 'package:readr':

    guess_encoding

New names:
* value -> value...1
* value -> value...2
-- Attaching packages --------------------------------------- tidyverse 1.3.1 --
v ggplot2 3.3.4     v purrr   0.3.4
v tibble  3.1.2     v dplyr   1.0.6
v tidyr   1.1.3     v stringr 1.4.0
v readr   1.4.0     v forcats 0.5.1
-- Conflicts ------------------------------------------ tidyverse_conflicts() --
x dplyr::filter() masks stats::filter()
x dplyr::lag()    masks stats::lag()

Attaching package: 'plotly'

The following object is masked from 'package:ggplot2':

    last_plot

The following object is masked from 'package:stats':

    filter

The following object is masked from 'package:graphics':

    layout


Attaching package: 'lubridate'

The following objects are masked from 'package:base':

    date, intersect, setdiff, union


Attaching package: 'httr'

The following object is masked from 'package:plotly':

    config


Attaching package: 'jsonlite'

The following object is masked from 'package:purrr':

    flatten

Loading required package: viridisLite

Attaching package: 'scales'

The following object is masked from 'package:viridis':

    viridis_pal

The following object is masked from 'package:purrr':

    discard

The following object is masked from 'package:readr':

    col_factor


Attaching package: 'rvest'

The following object is masked from 'package:readr':

    guess_encoding

New names:
* value -> value...1
* value -> value...2
-- Attaching packages --------------------------------------- tidyverse 1.3.1 --
v ggplot2 3.3.4     v purrr   0.3.4
v tibble  3.1.2     v dplyr   1.0.6
v tidyr   1.1.3     v stringr 1.4.0
v readr   1.4.0     v forcats 0.5.1
-- Conflicts ------------------------------------------ tidyverse_conflicts() --
x dplyr::filter() masks stats::filter()
x dplyr::lag()    masks stats::lag()

Attaching package: 'plotly'

The following object is masked from 'package:ggplot2':

    last_plot

The following object is masked from 'package:stats':

    filter

The following object is masked from 'package:graphics':

    layout


Attaching package: 'lubridate'

The following objects are masked from 'package:base':

    date, intersect, setdiff, union


Attaching package: 'httr'

The following object is masked from 'package:plotly':

    config


Attaching package: 'jsonlite'

The following object is masked from 'package:purrr':

    flatten

Loading required package: viridisLite

Attaching package: 'scales'

The following object is masked from 'package:viridis':

    viridis_pal

The following object is masked from 'package:purrr':

    discard

The following object is masked from 'package:readr':

    col_factor


Attaching package: 'rvest'

The following object is masked from 'package:readr':

    guess_encoding

New names:
* value -> value...1
* value -> value...2
-- Attaching packages --------------------------------------- tidyverse 1.3.1 --
v ggplot2 3.3.4     v purrr   0.3.4
v tibble  3.1.2     v dplyr   1.0.6
v tidyr   1.1.3     v stringr 1.4.0
v readr   1.4.0     v forcats 0.5.1
-- Conflicts ------------------------------------------ tidyverse_conflicts() --
x dplyr::filter() masks stats::filter()
x dplyr::lag()    masks stats::lag()

Attaching package: 'plotly'

The following object is masked from 'package:ggplot2':

    last_plot

The following object is masked from 'package:stats':

    filter

The following object is masked from 'package:graphics':

    layout


Attaching package: 'lubridate'

The following objects are masked from 'package:base':

    date, intersect, setdiff, union


Attaching package: 'httr'

The following object is masked from 'package:plotly':

    config


Attaching package: 'jsonlite'

The following object is masked from 'package:purrr':

    flatten

Loading required package: viridisLite

Attaching package: 'scales'

The following object is masked from 'package:viridis':

    viridis_pal

The following object is masked from 'package:purrr':

    discard

The following object is masked from 'package:readr':

    col_factor


Attaching package: 'rvest'

The following object is masked from 'package:readr':

    guess_encoding

New names:
* value -> value...1
* value -> value...2
-- Attaching packages --------------------------------------- tidyverse 1.3.1 --
v ggplot2 3.3.4     v purrr   0.3.4
v tibble  3.1.2     v dplyr   1.0.6
v tidyr   1.1.3     v stringr 1.4.0
v readr   1.4.0     v forcats 0.5.1
-- Conflicts ------------------------------------------ tidyverse_conflicts() --
x dplyr::filter() masks stats::filter()
x dplyr::lag()    masks stats::lag()

Attaching package: 'plotly'

The following object is masked from 'package:ggplot2':

    last_plot

The following object is masked from 'package:stats':

    filter

The following object is masked from 'package:graphics':

    layout


Attaching package: 'lubridate'

The following objects are masked from 'package:base':

    date, intersect, setdiff, union


Attaching package: 'httr'

The following object is masked from 'package:plotly':

    config


Attaching package: 'jsonlite'

The following object is masked from 'package:purrr':

    flatten

Loading required package: viridisLite

Attaching package: 'scales'

The following object is masked from 'package:viridis':

    viridis_pal

The following object is masked from 'package:purrr':

    discard

The following object is masked from 'package:readr':

    col_factor


Attaching package: 'rvest'

The following object is masked from 'package:readr':

    guess_encoding

New names:
* value -> value...1
* value -> value...2
-- Attaching packages --------------------------------------- tidyverse 1.3.1 --
v ggplot2 3.3.4     v purrr   0.3.4
v tibble  3.1.2     v dplyr   1.0.6
v tidyr   1.1.3     v stringr 1.4.0
v readr   1.4.0     v forcats 0.5.1
-- Conflicts ------------------------------------------ tidyverse_conflicts() --
x dplyr::filter() masks stats::filter()
x dplyr::lag()    masks stats::lag()

Attaching package: 'plotly'

The following object is masked from 'package:ggplot2':

    last_plot

The following object is masked from 'package:stats':

    filter

The following object is masked from 'package:graphics':

    layout


Attaching package: 'lubridate'

The following objects are masked from 'package:base':

    date, intersect, setdiff, union


Attaching package: 'httr'

The following object is masked from 'package:plotly':

    config


Attaching package: 'jsonlite'

The following object is masked from 'package:purrr':

    flatten

Loading required package: viridisLite

Attaching package: 'scales'

The following object is masked from 'package:viridis':

    viridis_pal

The following object is masked from 'package:purrr':

    discard

The following object is masked from 'package:readr':

    col_factor


Attaching package: 'rvest'

The following object is masked from 'package:readr':

    guess_encoding

New names:
* value -> value...1
* value -> value...2
-- Attaching packages --------------------------------------- tidyverse 1.3.1 --
v ggplot2 3.3.4     v purrr   0.3.4
v tibble  3.1.2     v dplyr   1.0.6
v tidyr   1.1.3     v stringr 1.4.0
v readr   1.4.0     v forcats 0.5.1
-- Conflicts ------------------------------------------ tidyverse_conflicts() --
x dplyr::filter() masks stats::filter()
x dplyr::lag()    masks stats::lag()

Attaching package: 'plotly'

The following object is masked from 'package:ggplot2':

    last_plot

The following object is masked from 'package:stats':

    filter

The following object is masked from 'package:graphics':

    layout


Attaching package: 'lubridate'

The following objects are masked from 'package:base':

    date, intersect, setdiff, union


Attaching package: 'httr'

The following object is masked from 'package:plotly':

    config


Attaching package: 'jsonlite'

The following object is masked from 'package:purrr':

    flatten

Loading required package: viridisLite

Attaching package: 'scales'

The following object is masked from 'package:viridis':

    viridis_pal

The following object is masked from 'package:purrr':

    discard

The following object is masked from 'package:readr':

    col_factor


Attaching package: 'rvest'

The following object is masked from 'package:readr':

    guess_encoding

New names:
* value -> value...1
* value -> value...2
-- Attaching packages --------------------------------------- tidyverse 1.3.1 --
v ggplot2 3.3.4     v purrr   0.3.4
v tibble  3.1.2     v dplyr   1.0.6
v tidyr   1.1.3     v stringr 1.4.0
v readr   1.4.0     v forcats 0.5.1
-- Conflicts ------------------------------------------ tidyverse_conflicts() --
x dplyr::filter() masks stats::filter()
x dplyr::lag()    masks stats::lag()

Attaching package: 'plotly'

The following object is masked from 'package:ggplot2':

    last_plot

The following object is masked from 'package:stats':

    filter

The following object is masked from 'package:graphics':

    layout


Attaching package: 'lubridate'

The following objects are masked from 'package:base':

    date, intersect, setdiff, union


Attaching package: 'httr'

The following object is masked from 'package:plotly':

    config


Attaching package: 'jsonlite'

The following object is masked from 'package:purrr':

    flatten

Loading required package: viridisLite

Attaching package: 'scales'

The following object is masked from 'package:viridis':

    viridis_pal

The following object is masked from 'package:purrr':

    discard

The following object is masked from 'package:readr':

    col_factor


Attaching package: 'rvest'

The following object is masked from 'package:readr':

    guess_encoding

New names:
* value -> value...1
* value -> value...2
-- Attaching packages --------------------------------------- tidyverse 1.3.1 --
v ggplot2 3.3.4     v purrr   0.3.4
v tibble  3.1.2     v dplyr   1.0.6
v tidyr   1.1.3     v stringr 1.4.0
v readr   1.4.0     v forcats 0.5.1
-- Conflicts ------------------------------------------ tidyverse_conflicts() --
x dplyr::filter() masks stats::filter()
x dplyr::lag()    masks stats::lag()

Attaching package: 'plotly'

The following object is masked from 'package:ggplot2':

    last_plot

The following object is masked from 'package:stats':

    filter

The following object is masked from 'package:graphics':

    layout


Attaching package: 'lubridate'

The following objects are masked from 'package:base':

    date, intersect, setdiff, union


Attaching package: 'httr'

The following object is masked from 'package:plotly':

    config


Attaching package: 'jsonlite'

The following object is masked from 'package:purrr':

    flatten

Loading required package: viridisLite

Attaching package: 'scales'

The following object is masked from 'package:viridis':

    viridis_pal

The following object is masked from 'package:purrr':

    discard

The following object is masked from 'package:readr':

    col_factor


Attaching package: 'rvest'

The following object is masked from 'package:readr':

    guess_encoding

New names:
* value -> value...1
* value -> value...2
-- Attaching packages --------------------------------------- tidyverse 1.3.1 --
v ggplot2 3.3.4     v purrr   0.3.4
v tibble  3.1.2     v dplyr   1.0.6
v tidyr   1.1.3     v stringr 1.4.0
v readr   1.4.0     v forcats 0.5.1
-- Conflicts ------------------------------------------ tidyverse_conflicts() --
x dplyr::filter() masks stats::filter()
x dplyr::lag()    masks stats::lag()

Attaching package: 'plotly'

The following object is masked from 'package:ggplot2':

    last_plot

The following object is masked from 'package:stats':

    filter

The following object is masked from 'package:graphics':

    layout


Attaching package: 'lubridate'

The following objects are masked from 'package:base':

    date, intersect, setdiff, union


Attaching package: 'httr'

The following object is masked from 'package:plotly':

    config


Attaching package: 'jsonlite'

The following object is masked from 'package:purrr':

    flatten

Loading required package: viridisLite

Attaching package: 'scales'

The following object is masked from 'package:viridis':

    viridis_pal

The following object is masked from 'package:purrr':

    discard

The following object is masked from 'package:readr':

    col_factor


Attaching package: 'rvest'

The following object is masked from 'package:readr':

    guess_encoding

New names:
* value -> value...1
* value -> value...2
-- Attaching packages --------------------------------------- tidyverse 1.3.1 --
v ggplot2 3.3.4     v purrr   0.3.4
v tibble  3.1.2     v dplyr   1.0.6
v tidyr   1.1.3     v stringr 1.4.0
v readr   1.4.0     v forcats 0.5.1
-- Conflicts ------------------------------------------ tidyverse_conflicts() --
x dplyr::filter() masks stats::filter()
x dplyr::lag()    masks stats::lag()

Attaching package: 'plotly'

The following object is masked from 'package:ggplot2':

    last_plot

The following object is masked from 'package:stats':

    filter

The following object is masked from 'package:graphics':

    layout


Attaching package: 'lubridate'

The following objects are masked from 'package:base':

    date, intersect, setdiff, union


Attaching package: 'httr'

The following object is masked from 'package:plotly':

    config


Attaching package: 'jsonlite'

The following object is masked from 'package:purrr':

    flatten

Loading required package: viridisLite

Attaching package: 'scales'

The following object is masked from 'package:viridis':

    viridis_pal

The following object is masked from 'package:purrr':

    discard

The following object is masked from 'package:readr':

    col_factor


Attaching package: 'rvest'

The following object is masked from 'package:readr':

    guess_encoding

New names:
* value -> value...1
* value -> value...2
-- Attaching packages --------------------------------------- tidyverse 1.3.1 --
v ggplot2 3.3.4     v purrr   0.3.4
v tibble  3.1.2     v dplyr   1.0.6
v tidyr   1.1.3     v stringr 1.4.0
v readr   1.4.0     v forcats 0.5.1
-- Conflicts ------------------------------------------ tidyverse_conflicts() --
x dplyr::filter() masks stats::filter()
x dplyr::lag()    masks stats::lag()

Attaching package: 'plotly'

The following object is masked from 'package:ggplot2':

    last_plot

The following object is masked from 'package:stats':

    filter

The following object is masked from 'package:graphics':

    layout


Attaching package: 'lubridate'

The following objects are masked from 'package:base':

    date, intersect, setdiff, union


Attaching package: 'httr'

The following object is masked from 'package:plotly':

    config


Attaching package: 'jsonlite'

The following object is masked from 'package:purrr':

    flatten

Loading required package: viridisLite

Attaching package: 'scales'

The following object is masked from 'package:viridis':

    viridis_pal

The following object is masked from 'package:purrr':

    discard

The following object is masked from 'package:readr':

    col_factor


Attaching package: 'rvest'

The following object is masked from 'package:readr':

    guess_encoding

New names:
* value -> value...1
* value -> value...2
-- Attaching packages --------------------------------------- tidyverse 1.3.1 --
v ggplot2 3.3.4     v purrr   0.3.4
v tibble  3.1.2     v dplyr   1.0.6
v tidyr   1.1.3     v stringr 1.4.0
v readr   1.4.0     v forcats 0.5.1
-- Conflicts ------------------------------------------ tidyverse_conflicts() --
x dplyr::filter() masks stats::filter()
x dplyr::lag()    masks stats::lag()

Attaching package: 'plotly'

The following object is masked from 'package:ggplot2':

    last_plot

The following object is masked from 'package:stats':

    filter

The following object is masked from 'package:graphics':

    layout


Attaching package: 'lubridate'

The following objects are masked from 'package:base':

    date, intersect, setdiff, union


Attaching package: 'httr'

The following object is masked from 'package:plotly':

    config


Attaching package: 'jsonlite'

The following object is masked from 'package:purrr':

    flatten

Loading required package: viridisLite

Attaching package: 'scales'

The following object is masked from 'package:viridis':

    viridis_pal

The following object is masked from 'package:purrr':

    discard

The following object is masked from 'package:readr':

    col_factor


Attaching package: 'rvest'

The following object is masked from 'package:readr':

    guess_encoding

New names:
* value -> value...1
* value -> value...2
-- Attaching packages --------------------------------------- tidyverse 1.3.1 --
v ggplot2 3.3.4     v purrr   0.3.4
v tibble  3.1.2     v dplyr   1.0.6
v tidyr   1.1.3     v stringr 1.4.0
v readr   1.4.0     v forcats 0.5.1
-- Conflicts ------------------------------------------ tidyverse_conflicts() --
x dplyr::filter() masks stats::filter()
x dplyr::lag()    masks stats::lag()

Attaching package: 'plotly'

The following object is masked from 'package:ggplot2':

    last_plot

The following object is masked from 'package:stats':

    filter

The following object is masked from 'package:graphics':

    layout


Attaching package: 'lubridate'

The following objects are masked from 'package:base':

    date, intersect, setdiff, union


Attaching package: 'httr'

The following object is masked from 'package:plotly':

    config


Attaching package: 'jsonlite'

The following object is masked from 'package:purrr':

    flatten

Loading required package: viridisLite

Attaching package: 'scales'

The following object is masked from 'package:viridis':

    viridis_pal

The following object is masked from 'package:purrr':

    discard

The following object is masked from 'package:readr':

    col_factor


Attaching package: 'rvest'

The following object is masked from 'package:readr':

    guess_encoding

New names:
* value -> value...1
* value -> value...2
-- Attaching packages --------------------------------------- tidyverse 1.3.1 --
v ggplot2 3.3.4     v purrr   0.3.4
v tibble  3.1.2     v dplyr   1.0.6
v tidyr   1.1.3     v stringr 1.4.0
v readr   1.4.0     v forcats 0.5.1
-- Conflicts ------------------------------------------ tidyverse_conflicts() --
x dplyr::filter() masks stats::filter()
x dplyr::lag()    masks stats::lag()

Attaching package: 'plotly'

The following object is masked from 'package:ggplot2':

    last_plot

The following object is masked from 'package:stats':

    filter

The following object is masked from 'package:graphics':

    layout


Attaching package: 'lubridate'

The following objects are masked from 'package:base':

    date, intersect, setdiff, union


Attaching package: 'httr'

The following object is masked from 'package:plotly':

    config


Attaching package: 'jsonlite'

The following object is masked from 'package:purrr':

    flatten

Loading required package: viridisLite

Attaching package: 'scales'

The following object is masked from 'package:viridis':

    viridis_pal

The following object is masked from 'package:purrr':

    discard

The following object is masked from 'package:readr':

    col_factor


Attaching package: 'rvest'

The following object is masked from 'package:readr':

    guess_encoding

New names:
* value -> value...1
* value -> value...2
